<?xml version="1.0" encoding="UTF-8"?>
<testsuite name="com.bikash.cs.dentalsurgeryms.service.impl.UserServiceImplTest" tests="10" skipped="0" failures="0" errors="0" timestamp="2025-04-26T17:25:02.105Z" hostname="DESKTOP-MOANBAB" time="0.134">
  <properties/>
  <testcase name="Create user when username exists should throw DuplicateResourceException" classname="com.bikash.cs.dentalsurgeryms.service.impl.UserServiceImplTest" time="0.083"/>
  <testcase name="Create user with invalid role should throw InvalidRoleException" classname="com.bikash.cs.dentalsurgeryms.service.impl.UserServiceImplTest" time="0.007"/>
  <testcase name="Get user by username when exists" classname="com.bikash.cs.dentalsurgeryms.service.impl.UserServiceImplTest" time="0.005"/>
  <testcase name="Update user when username does not exist should throw exception" classname="com.bikash.cs.dentalsurgeryms.service.impl.UserServiceImplTest" time="0.005"/>
  <testcase name="Delete user by username when does not exist should throw exception" classname="com.bikash.cs.dentalsurgeryms.service.impl.UserServiceImplTest" time="0.008"/>
  <testcase name="Update user when username exists should return updated response dto" classname="com.bikash.cs.dentalsurgeryms.service.impl.UserServiceImplTest" time="0.004"/>
  <testcase name="Get user by username when does not exist should throw exception" classname="com.bikash.cs.dentalsurgeryms.service.impl.UserServiceImplTest" time="0.005"/>
  <testcase name="Create user when username does not exist" classname="com.bikash.cs.dentalsurgeryms.service.impl.UserServiceImplTest" time="0.004"/>
  <testcase name="Get all users should return a page of response dtos" classname="com.bikash.cs.dentalsurgeryms.service.impl.UserServiceImplTest" time="0.004"/>
  <testcase name="Delete user by username when exists" classname="com.bikash.cs.dentalsurgeryms.service.impl.UserServiceImplTest" time="0.003"/>
  <system-out><![CDATA[]]></system-out>
  <system-err><![CDATA[]]></system-err>
</testsuite>
