<?xml version="1.0" encoding="UTF-8"?>
<testsuite name="com.bikash.cs.dentalsurgeryms.service.impl.AppointmentServiceImplTest" tests="21" skipped="0" failures="0" errors="0" timestamp="2025-04-26T17:25:00.100Z" hostname="DESKTOP-MOANBAB" time="1.137">
  <properties/>
  <testcase name="Get appointment by ID - not found" classname="com.bikash.cs.dentalsurgeryms.service.impl.AppointmentServiceImplTest" time="0.925"/>
  <testcase name="Get appointments by dentist - dentist not found" classname="com.bikash.cs.dentalsurgeryms.service.impl.AppointmentServiceImplTest" time="0.005"/>
  <testcase name="Has appointments for surgery" classname="com.bikash.cs.dentalsurgeryms.service.impl.AppointmentServiceImplTest" time="0.027"/>
  <testcase name="Get appointment by ID - success" classname="com.bikash.cs.dentalsurgeryms.service.impl.AppointmentServiceImplTest" time="0.02"/>
  <testcase name="Cancel appointment - success" classname="com.bikash.cs.dentalsurgeryms.service.impl.AppointmentServiceImplTest" time="0.022"/>
  <testcase name="Create fails if patient does not exist" classname="com.bikash.cs.dentalsurgeryms.service.impl.AppointmentServiceImplTest" time="0.007"/>
  <testcase name="Get appointments by patient - success" classname="com.bikash.cs.dentalsurgeryms.service.impl.AppointmentServiceImplTest" time="0.042"/>
  <testcase name="Create fails if dentist does not exist" classname="com.bikash.cs.dentalsurgeryms.service.impl.AppointmentServiceImplTest" time="0.005"/>
  <testcase name="Update appointment - patient has unpaid bill" classname="com.bikash.cs.dentalsurgeryms.service.impl.AppointmentServiceImplTest" time="0.008"/>
  <testcase name="Create fails if appointment limit per week reached" classname="com.bikash.cs.dentalsurgeryms.service.impl.AppointmentServiceImplTest" time="0.004"/>
  <testcase name="Get appointments by patient - patient not found" classname="com.bikash.cs.dentalsurgeryms.service.impl.AppointmentServiceImplTest" time="0.005"/>
  <testcase name="Delete appointment - success" classname="com.bikash.cs.dentalsurgeryms.service.impl.AppointmentServiceImplTest" time="0.005"/>
  <testcase name="Get appointments by dentist - success" classname="com.bikash.cs.dentalsurgeryms.service.impl.AppointmentServiceImplTest" time="0.005"/>
  <testcase name="Has appointments for patient and status not" classname="com.bikash.cs.dentalsurgeryms.service.impl.AppointmentServiceImplTest" time="0.005"/>
  <testcase name="Has appointments for dentist and status not" classname="com.bikash.cs.dentalsurgeryms.service.impl.AppointmentServiceImplTest" time="0.004"/>
  <testcase name="Create fails if patient has unpaid bill" classname="com.bikash.cs.dentalsurgeryms.service.impl.AppointmentServiceImplTest" time="0.004"/>
  <testcase name="Create appointment successfully when patient, dentist, and surgery exist and limits are not hit" classname="com.bikash.cs.dentalsurgeryms.service.impl.AppointmentServiceImplTest" time="0.008"/>
  <testcase name="Delete appointment - not found" classname="com.bikash.cs.dentalsurgeryms.service.impl.AppointmentServiceImplTest" time="0.006"/>
  <testcase name="Update appointment - success" classname="com.bikash.cs.dentalsurgeryms.service.impl.AppointmentServiceImplTest" time="0.009"/>
  <testcase name="Create fails if surgery does not exist" classname="com.bikash.cs.dentalsurgeryms.service.impl.AppointmentServiceImplTest" time="0.004"/>
  <testcase name="Cancel appointment - already cancelled" classname="com.bikash.cs.dentalsurgeryms.service.impl.AppointmentServiceImplTest" time="0.004"/>
  <system-out><![CDATA[]]></system-out>
  <system-err><![CDATA[]]></system-err>
</testsuite>
