<?xml version="1.0" encoding="UTF-8"?>
<testsuite name="com.bikash.cs.dentalsurgeryms.repository.PatientRepositoryTest" tests="7" skipped="0" failures="0" errors="0" timestamp="2025-04-26T17:24:59.510Z" hostname="DESKTOP-MOANBAB" time="0.133">
  <properties/>
  <testcase name="Find patient by email" classname="com.bikash.cs.dentalsurgeryms.repository.PatientRepositoryTest" time="0.02"/>
  <testcase name="Find patient by userId" classname="com.bikash.cs.dentalsurgeryms.repository.PatientRepositoryTest" time="0.02"/>
  <testcase name="Find all paginated patients" classname="com.bikash.cs.dentalsurgeryms.repository.PatientRepositoryTest" time="0.02"/>
  <testcase name="Find patient by ID" classname="com.bikash.cs.dentalsurgeryms.repository.PatientRepositoryTest" time="0.022"/>
  <testcase name="Save new patient" classname="com.bikash.cs.dentalsurgeryms.repository.PatientRepositoryTest" time="0.015"/>
  <testcase name="Returns empty when patient not found by email" classname="com.bikash.cs.dentalsurgeryms.repository.PatientRepositoryTest" time="0.012"/>
  <testcase name="Delete patient" classname="com.bikash.cs.dentalsurgeryms.repository.PatientRepositoryTest" time="0.013"/>
  <system-out><![CDATA[2025-04-26T12:24:59.486-05:00  INFO 12668 --- [DentalSurgeryMS] [    Test worker] t.c.s.AnnotationConfigContextLoaderUtils : Could not detect default configuration classes for test class [com.bikash.cs.dentalsurgeryms.repository.PatientRepositoryTest]: PatientRepositoryTest does not declare any static, non-private, non-final, nested classes annotated with @Configuration.
2025-04-26T12:24:59.505-05:00  INFO 12668 --- [DentalSurgeryMS] [    Test worker] .b.t.c.SpringBootTestContextBootstrapper : Found @SpringBootConfiguration com.bikash.cs.dentalsurgeryms.DentalSurgeryMsApplication for test class com.bikash.cs.dentalsurgeryms.repository.PatientRepositoryTest
Hibernate: insert into addresses (city,state,street,zip_code,id) values (?,?,?,?,default)
Hibernate: insert into users (password,username,user_id) values (?,?,default)
Hibernate: insert into patients (address_id,date_of_birth,email,first_name,has_unpaid_bill,last_name,phone_number,user_id,id) values (?,?,?,?,?,?,?,?,default)
Hibernate: insert into user_roles (user_id,role) values (?,?)
Hibernate: select p1_0.id,p1_0.address_id,p1_0.date_of_birth,p1_0.email,p1_0.first_name,p1_0.has_unpaid_bill,p1_0.last_name,p1_0.phone_number,p1_0.user_id from patients p1_0 where p1_0.email=?
Hibernate: insert into addresses (city,state,street,zip_code,id) values (?,?,?,?,default)
Hibernate: insert into users (password,username,user_id) values (?,?,default)
Hibernate: insert into patients (address_id,date_of_birth,email,first_name,has_unpaid_bill,last_name,phone_number,user_id,id) values (?,?,?,?,?,?,?,?,default)
Hibernate: insert into user_roles (user_id,role) values (?,?)
Hibernate: select p1_0.id,p1_0.address_id,p1_0.date_of_birth,p1_0.email,p1_0.first_name,p1_0.has_unpaid_bill,p1_0.last_name,p1_0.phone_number,p1_0.user_id from patients p1_0 left join users u1_0 on u1_0.user_id=p1_0.user_id where u1_0.user_id=?
Hibernate: insert into addresses (city,state,street,zip_code,id) values (?,?,?,?,default)
Hibernate: insert into users (password,username,user_id) values (?,?,default)
Hibernate: insert into patients (address_id,date_of_birth,email,first_name,has_unpaid_bill,last_name,phone_number,user_id,id) values (?,?,?,?,?,?,?,?,default)
Hibernate: insert into user_roles (user_id,role) values (?,?)
Hibernate: select p1_0.id,p1_0.address_id,p1_0.date_of_birth,p1_0.email,p1_0.first_name,p1_0.has_unpaid_bill,p1_0.last_name,p1_0.phone_number,p1_0.user_id from patients p1_0 offset ? rows fetch first ? rows only
Hibernate: insert into addresses (city,state,street,zip_code,id) values (?,?,?,?,default)
Hibernate: insert into users (password,username,user_id) values (?,?,default)
Hibernate: insert into patients (address_id,date_of_birth,email,first_name,has_unpaid_bill,last_name,phone_number,user_id,id) values (?,?,?,?,?,?,?,?,default)
Hibernate: insert into user_roles (user_id,role) values (?,?)
Hibernate: insert into addresses (city,state,street,zip_code,id) values (?,?,?,?,default)
Hibernate: insert into users (password,username,user_id) values (?,?,default)
Hibernate: insert into patients (address_id,date_of_birth,email,first_name,has_unpaid_bill,last_name,phone_number,user_id,id) values (?,?,?,?,?,?,?,?,default)
Hibernate: select p1_0.id,p1_0.address_id,p1_0.date_of_birth,p1_0.email,p1_0.first_name,p1_0.has_unpaid_bill,p1_0.last_name,p1_0.phone_number,p1_0.user_id from patients p1_0 where p1_0.email=?
Hibernate: insert into addresses (city,state,street,zip_code,id) values (?,?,?,?,default)
Hibernate: insert into users (password,username,user_id) values (?,?,default)
Hibernate: insert into patients (address_id,date_of_birth,email,first_name,has_unpaid_bill,last_name,phone_number,user_id,id) values (?,?,?,?,?,?,?,?,default)
Hibernate: insert into user_roles (user_id,role) values (?,?)
]]></system-out>
  <system-err><![CDATA[]]></system-err>
</testsuite>
