<?xml version="1.0" encoding="UTF-8"?>
<testsuite name="com.bikash.cs.dentalsurgeryms.service.impl.PatientServiceImplTest" tests="16" skipped="0" failures="0" errors="0" timestamp="2025-04-26T17:25:01.239Z" hostname="DESKTOP-MOANBAB" time="0.68">
  <properties/>
  <testcase name="given valid id and PatientRequestDto when updatePatient then returns PatientResponseDto" classname="com.bikash.cs.dentalsurgeryms.service.impl.PatientServiceImplTest" time="0.328"/>
  <testcase name="given existing patient user in createPatient then throws DuplicateResourceException" classname="com.bikash.cs.dentalsurgeryms.service.impl.PatientServiceImplTest" time="0.11"/>
  <testcase name="given valid id when getPatientById then returns PatientResponseDto" classname="com.bikash.cs.dentalsurgeryms.service.impl.PatientServiceImplTest" time="0.008"/>
  <testcase name="craeting a new patient for existing user" classname="com.bikash.cs.dentalsurgeryms.service.impl.PatientServiceImplTest" time="0.01"/>
  <testcase name="given not found user when getAppointmentsByPatientId then throws ResourceNotFoundException" classname="com.bikash.cs.dentalsurgeryms.service.impl.PatientServiceImplTest" time="0.074"/>
  <testcase name="given patient with appointments not canceled when deletePatient then throws ADSIllegalStateException" classname="com.bikash.cs.dentalsurgeryms.service.impl.PatientServiceImplTest" time="0.007"/>
  <testcase name="given duplicate email in updatePatient then throws DuplicateResourceException" classname="com.bikash.cs.dentalsurgeryms.service.impl.PatientServiceImplTest" time="0.01"/>
  <testcase name="given mismatched username when getAppointmentsByPatientId then throws AccessDeniedException" classname="com.bikash.cs.dentalsurgeryms.service.impl.PatientServiceImplTest" time="0.005"/>
  <testcase name="given patient not found in updatePatient then throws ResourceNotFoundException" classname="com.bikash.cs.dentalsurgeryms.service.impl.PatientServiceImplTest" time="0.005"/>
  <testcase name="given invalid id when getPatientById then throws ResourceNotFoundException" classname="com.bikash.cs.dentalsurgeryms.service.impl.PatientServiceImplTest" time="0.005"/>
  <testcase name="given valid paging when getAllPatients then returns paged response" classname="com.bikash.cs.dentalsurgeryms.service.impl.PatientServiceImplTest" time="0.008"/>
  <testcase name="create existing patient" classname="com.bikash.cs.dentalsurgeryms.service.impl.PatientServiceImplTest" time="0.005"/>
  <testcase name="given valid userDetails and patientId when getAppointmentsByPatientId then returns appointments page" classname="com.bikash.cs.dentalsurgeryms.service.impl.PatientServiceImplTest" time="0.065"/>
  <testcase name="given valid id with no appointments when deletePatient then deleted successfully" classname="com.bikash.cs.dentalsurgeryms.service.impl.PatientServiceImplTest" time="0.006"/>
  <testcase name="given patient not found in deletePatient then throws ResourceNotFoundException" classname="com.bikash.cs.dentalsurgeryms.service.impl.PatientServiceImplTest" time="0.007"/>
  <testcase name="create a new patient" classname="com.bikash.cs.dentalsurgeryms.service.impl.PatientServiceImplTest" time="0.008"/>
  <system-out><![CDATA[]]></system-out>
  <system-err><![CDATA[]]></system-err>
</testsuite>
