<?xml version="1.0" encoding="UTF-8"?>
<testsuite name="com.bikash.cs.dentalsurgeryms.DentalSurgeryMsApplicationTests" tests="1" skipped="0" failures="0" errors="0" timestamp="2025-04-26T10:09:12.816Z" hostname="DESKTOP-MOANBAB" time="0.708">
  <properties/>
  <testcase name="contextLoads()" classname="com.bikash.cs.dentalsurgeryms.DentalSurgeryMsApplicationTests" time="0.708"/>
  <system-out><![CDATA[05:09:01.294 [Test worker] INFO org.springframework.test.context.support.AnnotationConfigContextLoaderUtils -- Could not detect default configuration classes for test class [com.bikash.cs.dentalsurgeryms.DentalSurgeryMsApplicationTests]: DentalSurgeryMsApplicationTests does not declare any static, non-private, non-final, nested classes annotated with @Configuration.
05:09:01.515 [Test worker] INFO org.springframework.boot.test.context.SpringBootTestContextBootstrapper -- Found @SpringBootConfiguration com.bikash.cs.dentalsurgeryms.DentalSurgeryMsApplication for test class com.bikash.cs.dentalsurgeryms.DentalSurgeryMsApplicationTests

  .   ____          _            __ _ _
 /\\ / ___'_ __ _ _(_)_ __  __ _ \ \ \ \
( ( )\___ | '_ | '_| | '_ \/ _` | \ \ \ \
 \\/  ___)| |_)| | | | | || (_| |  ) ) ) )
  '  |____| .__|_| |_|_| |_\__, | / / / /
 =========|_|==============|___/=/_/_/_/

 :: Spring Boot ::                (v3.4.4)

2025-04-26T05:09:02.294-05:00  INFO 18044 --- [DentalSurgeryMS] [    Test worker] c.b.c.d.DentalSurgeryMsApplicationTests  : Starting DentalSurgeryMsApplicationTests using Java 21.0.2 with PID 18044 (started by Bikash Shrestha in C:\MIU-Folder\Applied Software Development\Project\DentalSurgeryMS)
2025-04-26T05:09:02.297-05:00  INFO 18044 --- [DentalSurgeryMS] [    Test worker] c.b.c.d.DentalSurgeryMsApplicationTests  : No active profile set, falling back to 1 default profile: "default"
2025-04-26T05:09:03.970-05:00  INFO 18044 --- [DentalSurgeryMS] [    Test worker] .s.d.r.c.RepositoryConfigurationDelegate : Bootstrapping Spring Data JPA repositories in DEFAULT mode.
2025-04-26T05:09:04.128-05:00  INFO 18044 --- [DentalSurgeryMS] [    Test worker] .s.d.r.c.RepositoryConfigurationDelegate : Finished Spring Data repository scanning in 129 ms. Found 6 JPA repository interfaces.
2025-04-26T05:09:05.412-05:00  INFO 18044 --- [DentalSurgeryMS] [    Test worker] o.hibernate.jpa.internal.util.LogHelper  : HHH000204: Processing PersistenceUnitInfo [name: default]
2025-04-26T05:09:05.550-05:00  INFO 18044 --- [DentalSurgeryMS] [    Test worker] org.hibernate.Version                    : HHH000412: Hibernate ORM core version 6.6.11.Final
2025-04-26T05:09:05.628-05:00  INFO 18044 --- [DentalSurgeryMS] [    Test worker] o.h.c.internal.RegionFactoryInitiator    : HHH000026: Second-level cache disabled
2025-04-26T05:09:06.154-05:00  INFO 18044 --- [DentalSurgeryMS] [    Test worker] o.s.o.j.p.SpringPersistenceUnitInfo      : No LoadTimeWeaver setup: ignoring JPA class transformer
2025-04-26T05:09:06.213-05:00  INFO 18044 --- [DentalSurgeryMS] [    Test worker] com.zaxxer.hikari.HikariDataSource       : HikariPool-1 - Starting...
2025-04-26T05:09:06.785-05:00  INFO 18044 --- [DentalSurgeryMS] [    Test worker] com.zaxxer.hikari.pool.HikariPool        : HikariPool-1 - Added connection com.mysql.cj.jdbc.ConnectionImpl@5f82209e
2025-04-26T05:09:06.789-05:00  INFO 18044 --- [DentalSurgeryMS] [    Test worker] com.zaxxer.hikari.HikariDataSource       : HikariPool-1 - Start completed.
2025-04-26T05:09:06.955-05:00  INFO 18044 --- [DentalSurgeryMS] [    Test worker] org.hibernate.orm.connections.pooling    : HHH10001005: Database info:
	Database JDBC URL [Connecting through datasource 'HikariDataSource (HikariPool-1)']
	Database driver: undefined/unknown
	Database version: 8.0.42
	Autocommit mode: undefined/unknown
	Isolation level: undefined/unknown
	Minimum pool size: undefined/unknown
	Maximum pool size: undefined/unknown
2025-04-26T05:09:08.819-05:00  INFO 18044 --- [DentalSurgeryMS] [    Test worker] o.h.e.t.j.p.i.JtaPlatformInitiator       : HHH000489: No JTA platform available (set 'hibernate.transaction.jta.platform' to enable JTA platform integration)
2025-04-26T05:09:08.994-05:00  INFO 18044 --- [DentalSurgeryMS] [    Test worker] j.LocalContainerEntityManagerFactoryBean : Initialized JPA EntityManagerFactory for persistence unit 'default'
2025-04-26T05:09:09.846-05:00  INFO 18044 --- [DentalSurgeryMS] [    Test worker] o.s.d.j.r.query.QueryEnhancerFactory     : Hibernate is in classpath; If applicable, HQL parser will be used.
2025-04-26T05:09:11.027-05:00  INFO 18044 --- [DentalSurgeryMS] [    Test worker] eAuthenticationProviderManagerConfigurer : Global AuthenticationManager configured with AuthenticationProvider bean with name authenticationProvider
2025-04-26T05:09:11.029-05:00  WARN 18044 --- [DentalSurgeryMS] [    Test worker] r$InitializeUserDetailsManagerConfigurer : Global AuthenticationManager configured with an AuthenticationProvider bean. UserDetailsService beans will not be used by Spring Security for automatically configuring username/password login. Consider removing the AuthenticationProvider bean. Alternatively, consider using the UserDetailsService in a manually instantiated DaoAuthenticationProvider. If the current configuration is intentional, to turn off this warning, increase the logging level of 'org.springframework.security.config.annotation.authentication.configuration.InitializeUserDetailsBeanManagerConfigurer' to ERROR
2025-04-26T05:09:11.189-05:00  WARN 18044 --- [DentalSurgeryMS] [    Test worker] JpaBaseConfiguration$JpaWebConfiguration : spring.jpa.open-in-view is enabled by default. Therefore, database queries may be performed during view rendering. Explicitly configure spring.jpa.open-in-view to disable this warning
2025-04-26T05:09:12.790-05:00  INFO 18044 --- [DentalSurgeryMS] [    Test worker] c.b.c.d.DentalSurgeryMsApplicationTests  : Started DentalSurgeryMsApplicationTests in 10.996 seconds (process running for 13.035)
]]></system-out>
  <system-err><![CDATA[Mockito is currently self-attaching to enable the inline-mock-maker. This will no longer work in future releases of the JDK. Please add Mockito as an agent to your build what is described in Mockito's documentation: https://javadoc.io/doc/org.mockito/mockito-core/latest/org/mockito/Mockito.html#0.3
WARNING: A Java agent has been loaded dynamically (C:\Users\Bikash Shrestha\.gradle\caches\modules-2\files-2.1\net.bytebuddy\byte-buddy-agent\1.15.11\a38b16385e867f59a641330f0362ebe742788ed8\byte-buddy-agent-1.15.11.jar)
WARNING: If a serviceability tool is in use, please run with -XX:+EnableDynamicAgentLoading to hide this warning
WARNING: If a serviceability tool is not in use, please run with -Djdk.instrument.traceUsage for more information
WARNING: Dynamic loading of agents will be disallowed by default in a future release
]]></system-err>
</testsuite>
