<?xml version="1.0" encoding="UTF-8"?>
<testsuite name="com.bikash.cs.dentalsurgeryms.repository.DentistRepositoryTest" tests="6" skipped="0" failures="0" errors="0" timestamp="2025-04-26T17:24:59.308Z" hostname="DESKTOP-MOANBAB" time="0.171">
  <properties/>
  <testcase name="Save new dentist" classname="com.bikash.cs.dentalsurgeryms.repository.DentistRepositoryTest" time="0.019"/>
  <testcase name="Returns empty when dentist not found by email" classname="com.bikash.cs.dentalsurgeryms.repository.DentistRepositoryTest" time="0.02"/>
  <testcase name="Find dentist by user ID" classname="com.bikash.cs.dentalsurgeryms.repository.DentistRepositoryTest" time="0.032"/>
  <testcase name="Find dentist by email" classname="com.bikash.cs.dentalsurgeryms.repository.DentistRepositoryTest" time="0.017"/>
  <testcase name="Find all paginated dentists" classname="com.bikash.cs.dentalsurgeryms.repository.DentistRepositoryTest" time="0.026"/>
  <testcase name="Delete dentist" classname="com.bikash.cs.dentalsurgeryms.repository.DentistRepositoryTest" time="0.042"/>
  <system-out><![CDATA[2025-04-26T12:24:59.274-05:00  INFO 12668 --- [DentalSurgeryMS] [    Test worker] t.c.s.AnnotationConfigContextLoaderUtils : Could not detect default configuration classes for test class [com.bikash.cs.dentalsurgeryms.repository.DentistRepositoryTest]: DentistRepositoryTest does not declare any static, non-private, non-final, nested classes annotated with @Configuration.
2025-04-26T12:24:59.301-05:00  INFO 12668 --- [DentalSurgeryMS] [    Test worker] .b.t.c.SpringBootTestContextBootstrapper : Found @SpringBootConfiguration com.bikash.cs.dentalsurgeryms.DentalSurgeryMsApplication for test class com.bikash.cs.dentalsurgeryms.repository.DentistRepositoryTest
Hibernate: insert into users (password,username,user_id) values (?,?,default)
Hibernate: insert into dentists (email,first_name,last_name,phone_number,specialization,user_id,id) values (?,?,?,?,?,?,default)
Hibernate: select d1_0.id,d1_0.email,d1_0.first_name,d1_0.last_name,d1_0.phone_number,d1_0.specialization,d1_0.user_id from dentists d1_0 where d1_0.email=?
Hibernate: insert into users (password,username,user_id) values (?,?,default)
Hibernate: insert into dentists (email,first_name,last_name,phone_number,specialization,user_id,id) values (?,?,?,?,?,?,default)
Hibernate: insert into user_roles (user_id,role) values (?,?)
Hibernate: insert into user_roles (user_id,role) values (?,?)
Hibernate: select d1_0.id,d1_0.email,d1_0.first_name,d1_0.last_name,d1_0.phone_number,d1_0.specialization,d1_0.user_id from dentists d1_0 left join users u1_0 on u1_0.user_id=d1_0.user_id where u1_0.user_id=?
Hibernate: insert into users (password,username,user_id) values (?,?,default)
Hibernate: insert into dentists (email,first_name,last_name,phone_number,specialization,user_id,id) values (?,?,?,?,?,?,default)
Hibernate: insert into user_roles (user_id,role) values (?,?)
Hibernate: insert into user_roles (user_id,role) values (?,?)
Hibernate: select d1_0.id,d1_0.email,d1_0.first_name,d1_0.last_name,d1_0.phone_number,d1_0.specialization,d1_0.user_id from dentists d1_0 where d1_0.email=?
Hibernate: insert into users (password,username,user_id) values (?,?,default)
Hibernate: insert into dentists (email,first_name,last_name,phone_number,specialization,user_id,id) values (?,?,?,?,?,?,default)
Hibernate: insert into user_roles (user_id,role) values (?,?)
Hibernate: insert into user_roles (user_id,role) values (?,?)
Hibernate: select d1_0.id,d1_0.email,d1_0.first_name,d1_0.last_name,d1_0.phone_number,d1_0.specialization,d1_0.user_id from dentists d1_0 offset ? rows fetch first ? rows only
Hibernate: insert into users (password,username,user_id) values (?,?,default)
Hibernate: insert into dentists (email,first_name,last_name,phone_number,specialization,user_id,id) values (?,?,?,?,?,?,default)
Hibernate: insert into user_roles (user_id,role) values (?,?)
Hibernate: insert into user_roles (user_id,role) values (?,?)
]]></system-out>
  <system-err><![CDATA[]]></system-err>
</testsuite>
