<?xml version="1.0" encoding="UTF-8"?>
<testsuite name="com.bikash.cs.dentalsurgeryms.service.impl.SurgeryServiceImplTest" tests="13" skipped="0" failures="0" errors="0" timestamp="2025-04-26T17:25:01.934Z" hostname="DESKTOP-MOANBAB" time="0.167">
  <properties/>
  <testcase name="Update surgery with another address that exists throws duplicate exception" classname="com.bikash.cs.dentalsurgeryms.service.impl.SurgeryServiceImplTest" time="0.075"/>
  <testcase name="Delete surgery when it does not exist throws ResourceNotFoundException" classname="com.bikash.cs.dentalsurgeryms.service.impl.SurgeryServiceImplTest" time="0.007"/>
  <testcase name="Create surgery with existing address throws DuplicateResourceException" classname="com.bikash.cs.dentalsurgeryms.service.impl.SurgeryServiceImplTest" time="0.007"/>
  <testcase name="Delete surgery when exists and no appointments" classname="com.bikash.cs.dentalsurgeryms.service.impl.SurgeryServiceImplTest" time="0.005"/>
  <testcase name="Update surgery when branch code exists should return updated surgeryResponseDto" classname="com.bikash.cs.dentalsurgeryms.service.impl.SurgeryServiceImplTest" time="0.012"/>
  <testcase name="Update surgery with another branch code that exists throws duplicate exception" classname="com.bikash.cs.dentalsurgeryms.service.impl.SurgeryServiceImplTest" time="0.005"/>
  <testcase name="Update surgery that does not exist throws ResourceNotFoundException" classname="com.bikash.cs.dentalsurgeryms.service.impl.SurgeryServiceImplTest" time="0.005"/>
  <testcase name="Delete surgery when has appointments throws ADSIllegalStateException" classname="com.bikash.cs.dentalsurgeryms.service.impl.SurgeryServiceImplTest" time="0.005"/>
  <testcase name="Create surgery when branch code and address are unique" classname="com.bikash.cs.dentalsurgeryms.service.impl.SurgeryServiceImplTest" time="0.006"/>
  <testcase name="Get surgery by branch code when does not exist throws exception" classname="com.bikash.cs.dentalsurgeryms.service.impl.SurgeryServiceImplTest" time="0.007"/>
  <testcase name="Get all surgeries returns page of SurgeryResponseDto" classname="com.bikash.cs.dentalsurgeryms.service.impl.SurgeryServiceImplTest" time="0.008"/>
  <testcase name="Create surgery with existing branch code throws DuplicateResourceException" classname="com.bikash.cs.dentalsurgeryms.service.impl.SurgeryServiceImplTest" time="0.006"/>
  <testcase name="Get surgery by branch code when exists" classname="com.bikash.cs.dentalsurgeryms.service.impl.SurgeryServiceImplTest" time="0.007"/>
  <system-out><![CDATA[]]></system-out>
  <system-err><![CDATA[]]></system-err>
</testsuite>
